[2024-07-04 12:08:32,121: INFO: utils: NumExpr defaulting to 8 threads.]
[2024-07-04 12:08:40,472: INFO: main: >>>>>> stage Data Ingestion stage started <<<<<<]
[2024-07-04 12:08:40,488: INFO: common: yaml file: config\config.yaml loaded successfully]
[2024-07-04 12:08:40,488: INFO: common: yaml file: params.yaml loaded successfully]
[2024-07-04 12:08:40,488: INFO: common: yaml file: schema.yaml loaded successfully]
[2024-07-04 12:08:40,488: INFO: common: created directory at: artifacts]
[2024-07-04 12:08:40,493: INFO: common: created directory at: artifacts/data_ingestion]
[2024-07-04 12:08:40,493: INFO: Data_Ingestion: File already exists of size: ~ 205 KB]
[2024-07-04 12:08:40,500: INFO: main: >>>>>> stage Data Ingestion stage completed <<<<<<

x==========x]
[2024-07-04 12:08:40,506: INFO: main: >>>>>> stage Data Validation stage started <<<<<<]
[2024-07-04 12:08:40,508: INFO: common: yaml file: config\config.yaml loaded successfully]
[2024-07-04 12:08:40,509: INFO: common: yaml file: params.yaml loaded successfully]
[2024-07-04 12:08:40,511: INFO: common: yaml file: schema.yaml loaded successfully]
[2024-07-04 12:08:40,511: INFO: common: created directory at: artifacts]
[2024-07-04 12:08:40,515: INFO: common: created directory at: artifacts/data_validation]
[2024-07-04 12:08:40,561: INFO: main: >>>>>> stage Data Validation stage completed <<<<<<

x==========x]
[2024-07-04 12:08:40,561: INFO: main: >>>>>> stage Data Transformation stage started <<<<<<]
[2024-07-04 12:08:40,561: INFO: common: yaml file: config\config.yaml loaded successfully]
[2024-07-04 12:08:40,578: INFO: common: yaml file: params.yaml loaded successfully]
[2024-07-04 12:08:40,581: INFO: common: yaml file: schema.yaml loaded successfully]
[2024-07-04 12:08:40,582: INFO: common: created directory at: artifacts]
[2024-07-04 12:08:40,583: INFO: common: created directory at: artifacts/data_transformation]
[2024-07-04 12:08:40,586: INFO: Data_Transformation: Reading Data...]
[2024-07-04 12:08:40,595: INFO: Data_Transformation: Vectorization initiated]
[2024-07-04 12:08:40,855: INFO: Data_Transformation: Vectorization Completed]
[2024-07-04 12:08:40,928: INFO: Data_Transformation: Oversampling Completed]
[2024-07-04 12:08:40,944: INFO: Data_Transformation: Data Splitting is Completed]
[2024-07-04 12:08:40,946: INFO: main: >>>>>> stage Data Transformation stage completed <<<<<<

x==========x]
[2024-07-04 12:08:40,947: INFO: main: >>>>>> stage Model Trainer stage started <<<<<<]
[2024-07-04 12:08:40,948: INFO: common: yaml file: config\config.yaml loaded successfully]
[2024-07-04 12:08:40,950: INFO: common: yaml file: params.yaml loaded successfully]
[2024-07-04 12:08:40,950: INFO: common: yaml file: schema.yaml loaded successfully]
[2024-07-04 12:08:40,951: INFO: common: created directory at: artifacts]
[2024-07-04 12:08:40,952: INFO: common: created directory at: artifacts/model_trainer]
[2024-07-04 12:08:40,953: INFO: Model_trainer: Building Model]
[2024-07-04 12:08:41,161: INFO: Model_trainer: Model Built]
[2024-07-04 12:08:50,191: INFO: Model_trainer: Model Trained]
[2024-07-04 12:08:50,192: WARNING: saving_api: You are saving your model as an HDF5 file via `model.save()` or `keras.saving.save_model(model)`. This file format is considered legacy. We recommend using instead the native Keras format, e.g. `model.save('my_model.keras')` or `keras.saving.save_model(model, 'my_model.keras')`. ]
[2024-07-04 12:08:50,241: INFO: Model_trainer:  Model Saved]
[2024-07-04 12:08:53,809: INFO: main: >>>>>> stage Model Trainer stage completed <<<<<<

x==========x]
[2024-07-04 12:08:53,811: INFO: main: >>>>>> stage Model evaluation stage started <<<<<<]
[2024-07-04 12:08:53,822: INFO: common: yaml file: config\config.yaml loaded successfully]
[2024-07-04 12:08:53,835: INFO: common: yaml file: params.yaml loaded successfully]
[2024-07-04 12:08:53,835: INFO: common: yaml file: schema.yaml loaded successfully]
[2024-07-04 12:08:53,845: INFO: common: created directory at: artifacts]
[2024-07-04 12:08:53,848: INFO: common: created directory at: artifacts/model_evaluation]
[2024-07-04 12:08:53,852: INFO: Model_Evaluation: Model Loading]
[2024-07-04 12:08:53,943: WARNING: saving_utils: Compiled the loaded model, but the compiled metrics have yet to be built. `model.compile_metrics` will be empty until you train or evaluate the model.]
[2024-07-04 12:08:53,951: INFO: Model_Evaluation: Model Loaded]
[2024-07-04 12:08:53,952: ERROR: main: Input must be a SparseTensor.]
Traceback (most recent call last):
  File "C:\Users\N Ramaraju\Desktop\Projects\Spam-email\main.py", line 55, in <module>
    data_ingestion.main(res)
  File "c:\users\n ramaraju\desktop\projects\spam-email\src\Spam_mail\pipeline\stage_05_model_evaluation.py", line 15, in main
    model_evaluation_config.eval(res[1],res[3])
  File "c:\users\n ramaraju\desktop\projects\spam-email\src\Spam_mail\components\Model_Evaluation.py", line 19, in eval
    sorted_x_test = tf.sparse.reorder(x_test)
                    ^^^^^^^^^^^^^^^^^^^^^^^^^
  File "C:\Users\N Ramaraju\AppData\Local\Programs\Python\Python311\Lib\site-packages\tensorflow\python\ops\sparse_ops.py", line 858, in sparse_reorder
    sp_input = _convert_to_sparse_tensor(sp_input)
               ^^^^^^^^^^^^^^^^^^^^^^^^^^^^^^^^^^^
  File "C:\Users\N Ramaraju\AppData\Local\Programs\Python\Python311\Lib\site-packages\tensorflow\python\ops\sparse_ops.py", line 76, in _convert_to_sparse_tensor
    raise TypeError("Input must be a SparseTensor.")
TypeError: Input must be a SparseTensor.
[2024-07-04 12:10:27,497: INFO: utils: NumExpr defaulting to 8 threads.]
[2024-07-04 12:10:32,080: INFO: main: >>>>>> stage Data Ingestion stage started <<<<<<]
[2024-07-04 12:10:32,080: INFO: common: yaml file: config\config.yaml loaded successfully]
[2024-07-04 12:10:32,080: INFO: common: yaml file: params.yaml loaded successfully]
[2024-07-04 12:10:32,080: INFO: common: yaml file: schema.yaml loaded successfully]
[2024-07-04 12:10:32,080: INFO: common: created directory at: artifacts]
[2024-07-04 12:10:32,080: INFO: common: created directory at: artifacts/data_ingestion]
[2024-07-04 12:10:32,080: INFO: Data_Ingestion: File already exists of size: ~ 205 KB]
[2024-07-04 12:10:32,101: INFO: main: >>>>>> stage Data Ingestion stage completed <<<<<<

x==========x]
[2024-07-04 12:10:32,101: INFO: main: >>>>>> stage Data Validation stage started <<<<<<]
[2024-07-04 12:10:32,104: INFO: common: yaml file: config\config.yaml loaded successfully]
[2024-07-04 12:10:32,106: INFO: common: yaml file: params.yaml loaded successfully]
[2024-07-04 12:10:32,107: INFO: common: yaml file: schema.yaml loaded successfully]
[2024-07-04 12:10:32,108: INFO: common: created directory at: artifacts]
[2024-07-04 12:10:32,108: INFO: common: created directory at: artifacts/data_validation]
[2024-07-04 12:10:32,130: INFO: main: >>>>>> stage Data Validation stage completed <<<<<<

x==========x]
[2024-07-04 12:10:32,131: INFO: main: >>>>>> stage Data Transformation stage started <<<<<<]
[2024-07-04 12:10:32,137: INFO: common: yaml file: config\config.yaml loaded successfully]
[2024-07-04 12:10:32,139: INFO: common: yaml file: params.yaml loaded successfully]
[2024-07-04 12:10:32,139: INFO: common: yaml file: schema.yaml loaded successfully]
[2024-07-04 12:10:32,140: INFO: common: created directory at: artifacts]
[2024-07-04 12:10:32,141: INFO: common: created directory at: artifacts/data_transformation]
[2024-07-04 12:10:32,144: INFO: Data_Transformation: Reading Data...]
[2024-07-04 12:10:32,144: INFO: Data_Transformation: Vectorization initiated]
[2024-07-04 12:10:32,303: INFO: Data_Transformation: Vectorization Completed]
[2024-07-04 12:10:32,358: INFO: Data_Transformation: Oversampling Completed]
[2024-07-04 12:10:32,358: INFO: Data_Transformation: Data Splitting is Completed]
[2024-07-04 12:10:32,358: INFO: main: >>>>>> stage Data Transformation stage completed <<<<<<

x==========x]
[2024-07-04 12:10:32,358: INFO: main: >>>>>> stage Model evaluation stage started <<<<<<]
[2024-07-04 12:10:32,358: INFO: common: yaml file: config\config.yaml loaded successfully]
[2024-07-04 12:10:32,358: INFO: common: yaml file: params.yaml loaded successfully]
[2024-07-04 12:10:32,370: INFO: common: yaml file: schema.yaml loaded successfully]
[2024-07-04 12:10:32,371: INFO: common: created directory at: artifacts]
[2024-07-04 12:10:32,372: INFO: common: created directory at: artifacts/model_evaluation]
[2024-07-04 12:10:32,372: INFO: Model_Evaluation: Model Loading]
[2024-07-04 12:10:32,469: WARNING: saving_utils: Compiled the loaded model, but the compiled metrics have yet to be built. `model.compile_metrics` will be empty until you train or evaluate the model.]
[2024-07-04 12:10:32,475: INFO: Model_Evaluation: Model Loaded]
[2024-07-04 12:10:32,478: ERROR: main: TypeError: sparse array length is ambiguous; use getnnz() or shape[0]
Traceback (most recent call last):

  File "C:\Users\N Ramaraju\AppData\Roaming\Python\Python311\site-packages\scipy\sparse\_base.py", line 404, in __len__
    raise TypeError("sparse array length is ambiguous; use getnnz()"

TypeError: sparse array length is ambiguous; use getnnz() or shape[0]

]
Traceback (most recent call last):
  File "C:\Users\N Ramaraju\Desktop\Projects\Spam-email\main.py", line 55, in <module>
    data_ingestion.main(res)
  File "c:\users\n ramaraju\desktop\projects\spam-email\src\Spam_mail\pipeline\stage_05_model_evaluation.py", line 15, in main
    model_evaluation_config.eval(res[1],res[3])
  File "c:\users\n ramaraju\desktop\projects\spam-email\src\Spam_mail\components\Model_Evaluation.py", line 18, in eval
    x_test_sparse = tf.sparse.from_dense(x_test)
                    ^^^^^^^^^^^^^^^^^^^^^^^^^^^^
  File "C:\Users\N Ramaraju\AppData\Local\Programs\Python\Python311\Lib\site-packages\tensorflow\python\ops\sparse_ops.py", line 135, in from_dense
    tensor = ops.convert_to_tensor(tensor)
             ^^^^^^^^^^^^^^^^^^^^^^^^^^^^^
  File "C:\Users\N Ramaraju\AppData\Local\Programs\Python\Python311\Lib\site-packages\tensorflow\python\profiler\trace.py", line 183, in wrapped
    return func(*args, **kwargs)
           ^^^^^^^^^^^^^^^^^^^^^
  File "C:\Users\N Ramaraju\AppData\Local\Programs\Python\Python311\Lib\site-packages\tensorflow\python\framework\ops.py", line 713, in convert_to_tensor
    return tensor_conversion_registry.convert(
           ^^^^^^^^^^^^^^^^^^^^^^^^^^^^^^^^^^^
  File "C:\Users\N Ramaraju\AppData\Local\Programs\Python\Python311\Lib\site-packages\tensorflow\python\framework\tensor_conversion_registry.py", line 234, in convert
    ret = conversion_func(value, dtype=dtype, name=name, as_ref=as_ref)
          ^^^^^^^^^^^^^^^^^^^^^^^^^^^^^^^^^^^^^^^^^^^^^^^^^^^^^^^^^^^^^
  File "C:\Users\N Ramaraju\AppData\Local\Programs\Python\Python311\Lib\site-packages\tensorflow\python\framework\constant_tensor_conversion.py", line 29, in _constant_tensor_conversion_function
    return constant_op.constant(v, dtype=dtype, name=name)
           ^^^^^^^^^^^^^^^^^^^^^^^^^^^^^^^^^^^^^^^^^^^^^^^
  File "C:\Users\N Ramaraju\AppData\Local\Programs\Python\Python311\Lib\site-packages\tensorflow\python\ops\weak_tensor_ops.py", line 142, in wrapper
    return op(*args, **kwargs)
           ^^^^^^^^^^^^^^^^^^^
  File "C:\Users\N Ramaraju\AppData\Local\Programs\Python\Python311\Lib\site-packages\tensorflow\python\framework\constant_op.py", line 276, in constant
    return _constant_impl(value, dtype, shape, name, verify_shape=False,
           ^^^^^^^^^^^^^^^^^^^^^^^^^^^^^^^^^^^^^^^^^^^^^^^^^^^^^^^^^^^^^
  File "C:\Users\N Ramaraju\AppData\Local\Programs\Python\Python311\Lib\site-packages\tensorflow\python\framework\constant_op.py", line 289, in _constant_impl
    return _constant_eager_impl(ctx, value, dtype, shape, verify_shape)
           ^^^^^^^^^^^^^^^^^^^^^^^^^^^^^^^^^^^^^^^^^^^^^^^^^^^^^^^^^^^^
  File "C:\Users\N Ramaraju\AppData\Local\Programs\Python\Python311\Lib\site-packages\tensorflow\python\framework\constant_op.py", line 301, in _constant_eager_impl
    t = convert_to_eager_tensor(value, ctx, dtype)
        ^^^^^^^^^^^^^^^^^^^^^^^^^^^^^^^^^^^^^^^^^^
  File "C:\Users\N Ramaraju\AppData\Local\Programs\Python\Python311\Lib\site-packages\tensorflow\python\framework\constant_op.py", line 108, in convert_to_eager_tensor
    return ops.EagerTensor(value, ctx.device_name, dtype)
           ^^^^^^^^^^^^^^^^^^^^^^^^^^^^^^^^^^^^^^^^^^^^^^
ValueError: TypeError: sparse array length is ambiguous; use getnnz() or shape[0]
Traceback (most recent call last):

  File "C:\Users\N Ramaraju\AppData\Roaming\Python\Python311\site-packages\scipy\sparse\_base.py", line 404, in __len__
    raise TypeError("sparse array length is ambiguous; use getnnz()"

TypeError: sparse array length is ambiguous; use getnnz() or shape[0]


[2024-07-04 17:53:05,000: INFO: utils: NumExpr defaulting to 8 threads.]
[2024-07-04 17:53:13,378: INFO: main: >>>>>> stage Data Ingestion stage started <<<<<<]
[2024-07-04 17:53:13,394: INFO: common: yaml file: config\config.yaml loaded successfully]
[2024-07-04 17:53:13,394: INFO: common: yaml file: params.yaml loaded successfully]
[2024-07-04 17:53:13,399: INFO: common: yaml file: schema.yaml loaded successfully]
[2024-07-04 17:53:13,400: INFO: common: created directory at: artifacts]
[2024-07-04 17:53:13,401: INFO: common: created directory at: artifacts/data_ingestion]
[2024-07-04 17:53:14,363: INFO: Data_Ingestion: artifacts/data_ingestion/data.zip download! with following info: 
Connection: close
Content-Length: 209970
Cache-Control: max-age=300
Content-Security-Policy: default-src 'none'; style-src 'unsafe-inline'; sandbox
Content-Type: application/zip
ETag: "2dbb2f254cacad0ea3ed18728488db40bdf60da4b5301afb828d480daac213c5"
Strict-Transport-Security: max-age=31536000
X-Content-Type-Options: nosniff
X-Frame-Options: deny
X-XSS-Protection: 1; mode=block
X-GitHub-Request-Id: 14E1:7354:9FC08:C9C37:66869431
Accept-Ranges: bytes
Date: Thu, 04 Jul 2024 12:23:14 GMT
Via: 1.1 varnish
X-Served-By: cache-maa10226-MAA
X-Cache: MISS
X-Cache-Hits: 0
X-Timer: S1720095794.049460,VS0,VE342
Vary: Authorization,Accept-Encoding,Origin
Access-Control-Allow-Origin: *
Cross-Origin-Resource-Policy: cross-origin
X-Fastly-Request-ID: be41468bea3601298064f1d0742e50cb301c04d5
Expires: Thu, 04 Jul 2024 12:28:14 GMT
Source-Age: 0

]
[2024-07-04 17:53:14,387: INFO: main: >>>>>> stage Data Ingestion stage completed <<<<<<

x==========x]
[2024-07-04 17:53:14,387: INFO: main: >>>>>> stage Data Validation stage started <<<<<<]
[2024-07-04 17:53:14,387: INFO: common: yaml file: config\config.yaml loaded successfully]
[2024-07-04 17:53:14,387: INFO: common: yaml file: params.yaml loaded successfully]
[2024-07-04 17:53:14,387: INFO: common: yaml file: schema.yaml loaded successfully]
[2024-07-04 17:53:14,396: INFO: common: created directory at: artifacts]
[2024-07-04 17:53:14,397: INFO: common: created directory at: artifacts/data_validation]
[2024-07-04 17:53:14,431: INFO: main: >>>>>> stage Data Validation stage completed <<<<<<

x==========x]
[2024-07-04 17:53:14,431: INFO: main: >>>>>> stage Data Transformation stage started <<<<<<]
[2024-07-04 17:53:14,448: INFO: common: yaml file: config\config.yaml loaded successfully]
[2024-07-04 17:53:14,448: INFO: common: yaml file: params.yaml loaded successfully]
[2024-07-04 17:53:14,457: INFO: common: yaml file: schema.yaml loaded successfully]
[2024-07-04 17:53:14,457: INFO: common: created directory at: artifacts]
[2024-07-04 17:53:14,459: INFO: common: created directory at: artifacts/data_transformation]
[2024-07-04 17:53:14,472: INFO: Data_Transformation: Reading Data...]
[2024-07-04 17:53:14,473: INFO: Data_Transformation: Vectorization initiated]
[2024-07-04 17:53:14,663: INFO: Data_Transformation: Vectorization Completed]
[2024-07-04 17:53:14,730: INFO: Data_Transformation: Oversampling Completed]
[2024-07-04 17:53:14,747: INFO: Data_Transformation: Data Splitting is Completed]
[2024-07-04 17:53:14,747: INFO: main: >>>>>> stage Data Transformation stage completed <<<<<<

x==========x]
[2024-07-04 17:53:37,194: INFO: utils: NumExpr defaulting to 8 threads.]
[2024-07-04 17:53:42,473: INFO: main: >>>>>> stage Data Ingestion stage started <<<<<<]
[2024-07-04 17:53:42,490: INFO: common: yaml file: config\config.yaml loaded successfully]
[2024-07-04 17:53:42,490: INFO: common: yaml file: params.yaml loaded successfully]
[2024-07-04 17:53:42,496: INFO: common: yaml file: schema.yaml loaded successfully]
[2024-07-04 17:53:42,496: INFO: common: created directory at: artifacts]
[2024-07-04 17:53:42,497: INFO: common: created directory at: artifacts/data_ingestion]
[2024-07-04 17:53:42,824: INFO: Data_Ingestion: artifacts/data_ingestion/data.zip download! with following info: 
Connection: close
Content-Length: 209970
Cache-Control: max-age=300
Content-Security-Policy: default-src 'none'; style-src 'unsafe-inline'; sandbox
Content-Type: application/zip
ETag: "2dbb2f254cacad0ea3ed18728488db40bdf60da4b5301afb828d480daac213c5"
Strict-Transport-Security: max-age=31536000
X-Content-Type-Options: nosniff
X-Frame-Options: deny
X-XSS-Protection: 1; mode=block
X-GitHub-Request-Id: 14E1:7354:9FC08:C9C37:66869431
Accept-Ranges: bytes
Date: Thu, 04 Jul 2024 12:23:42 GMT
Via: 1.1 varnish
X-Served-By: cache-maa10228-MAA
X-Cache: HIT
X-Cache-Hits: 1
X-Timer: S1720095823.861108,VS0,VE1
Vary: Authorization,Accept-Encoding,Origin
Access-Control-Allow-Origin: *
Cross-Origin-Resource-Policy: cross-origin
X-Fastly-Request-ID: b498c8fa7e551e2b265f696ec738b9b921501a02
Expires: Thu, 04 Jul 2024 12:28:42 GMT
Source-Age: 28

]
[2024-07-04 17:53:42,855: INFO: main: >>>>>> stage Data Ingestion stage completed <<<<<<

x==========x]
[2024-07-04 17:53:42,855: INFO: main: >>>>>> stage Data Validation stage started <<<<<<]
[2024-07-04 17:53:42,855: INFO: common: yaml file: config\config.yaml loaded successfully]
[2024-07-04 17:53:42,870: INFO: common: yaml file: params.yaml loaded successfully]
[2024-07-04 17:53:42,870: INFO: common: yaml file: schema.yaml loaded successfully]
[2024-07-04 17:53:42,874: INFO: common: created directory at: artifacts]
[2024-07-04 17:53:42,874: INFO: common: created directory at: artifacts/data_validation]
[2024-07-04 17:53:42,902: INFO: main: >>>>>> stage Data Validation stage completed <<<<<<

x==========x]
[2024-07-04 17:53:42,902: INFO: main: >>>>>> stage Data Transformation stage started <<<<<<]
[2024-07-04 17:53:42,911: INFO: common: yaml file: config\config.yaml loaded successfully]
[2024-07-04 17:53:42,922: INFO: common: yaml file: params.yaml loaded successfully]
[2024-07-04 17:53:42,922: INFO: common: yaml file: schema.yaml loaded successfully]
[2024-07-04 17:53:42,922: INFO: common: created directory at: artifacts]
[2024-07-04 17:53:42,922: INFO: common: created directory at: artifacts/data_transformation]
[2024-07-04 17:53:42,956: INFO: Data_Transformation: Reading Data...]
[2024-07-04 17:53:42,956: INFO: Data_Transformation: Vectorization initiated]
[2024-07-04 17:53:43,158: INFO: Data_Transformation: Vectorization Completed]
[2024-07-04 17:53:43,209: INFO: Data_Transformation: Oversampling Completed]
[2024-07-04 17:53:43,222: INFO: Data_Transformation: Data Splitting is Completed]
[2024-07-04 17:53:43,222: INFO: main: >>>>>> stage Data Transformation stage completed <<<<<<

x==========x]
[2024-07-04 17:53:43,228: INFO: main: >>>>>> stage Model Trainer stage started <<<<<<]
[2024-07-04 17:53:43,231: INFO: common: yaml file: config\config.yaml loaded successfully]
[2024-07-04 17:53:43,232: INFO: common: yaml file: params.yaml loaded successfully]
[2024-07-04 17:53:43,233: INFO: common: yaml file: schema.yaml loaded successfully]
[2024-07-04 17:53:43,234: INFO: common: created directory at: artifacts]
[2024-07-04 17:53:43,234: INFO: common: created directory at: artifacts/model_trainer]
[2024-07-04 17:53:43,234: INFO: Model_trainer: Building Model]
[2024-07-04 17:53:43,356: INFO: Model_trainer: Model Built]
[2024-07-04 17:53:51,872: INFO: Model_trainer: Model Trained]
[2024-07-04 17:53:51,873: WARNING: saving_api: You are saving your model as an HDF5 file via `model.save()` or `keras.saving.save_model(model)`. This file format is considered legacy. We recommend using instead the native Keras format, e.g. `model.save('my_model.keras')` or `keras.saving.save_model(model, 'my_model.keras')`. ]
[2024-07-04 17:53:51,919: INFO: Model_trainer:  Model Saved]
[2024-07-04 17:53:58,727: INFO: main: >>>>>> stage Model Trainer stage completed <<<<<<

x==========x]
[2024-07-04 17:57:07,728: INFO: utils: NumExpr defaulting to 8 threads.]
[2024-07-04 17:57:12,937: INFO: main: >>>>>> stage Data Ingestion stage started <<<<<<]
[2024-07-04 17:57:12,937: INFO: common: yaml file: config\config.yaml loaded successfully]
[2024-07-04 17:57:12,937: INFO: common: yaml file: params.yaml loaded successfully]
[2024-07-04 17:57:12,954: INFO: common: yaml file: schema.yaml loaded successfully]
[2024-07-04 17:57:12,956: INFO: common: created directory at: artifacts]
[2024-07-04 17:57:12,956: INFO: common: created directory at: artifacts/data_ingestion]
[2024-07-04 17:57:13,571: INFO: Data_Ingestion: artifacts/data_ingestion/data.zip download! with following info: 
Connection: close
Content-Length: 209970
Cache-Control: max-age=300
Content-Security-Policy: default-src 'none'; style-src 'unsafe-inline'; sandbox
Content-Type: application/zip
ETag: "2dbb2f254cacad0ea3ed18728488db40bdf60da4b5301afb828d480daac213c5"
Strict-Transport-Security: max-age=31536000
X-Content-Type-Options: nosniff
X-Frame-Options: deny
X-XSS-Protection: 1; mode=block
X-GitHub-Request-Id: 14E1:7354:9FC08:C9C37:66869431
Accept-Ranges: bytes
Date: Thu, 04 Jul 2024 12:27:13 GMT
Via: 1.1 varnish
X-Served-By: cache-maa10239-MAA
X-Cache: HIT
X-Cache-Hits: 0
X-Timer: S1720096034.604457,VS0,VE1
Vary: Authorization,Accept-Encoding,Origin
Access-Control-Allow-Origin: *
Cross-Origin-Resource-Policy: cross-origin
X-Fastly-Request-ID: 7f558a1d9daed6f0371d3f77e6724ba471c528bc
Expires: Thu, 04 Jul 2024 12:32:13 GMT
Source-Age: 239

]
[2024-07-04 17:57:13,597: INFO: main: >>>>>> stage Data Ingestion stage completed <<<<<<

x==========x]
[2024-07-04 17:57:13,598: INFO: main: >>>>>> stage Data Validation stage started <<<<<<]
[2024-07-04 17:57:13,600: INFO: common: yaml file: config\config.yaml loaded successfully]
[2024-07-04 17:57:13,601: INFO: common: yaml file: params.yaml loaded successfully]
[2024-07-04 17:57:13,602: INFO: common: yaml file: schema.yaml loaded successfully]
[2024-07-04 17:57:13,603: INFO: common: created directory at: artifacts]
[2024-07-04 17:57:13,604: INFO: common: created directory at: artifacts/data_validation]
[2024-07-04 17:57:13,633: INFO: main: >>>>>> stage Data Validation stage completed <<<<<<

x==========x]
[2024-07-04 17:57:13,633: INFO: main: >>>>>> stage Data Transformation stage started <<<<<<]
[2024-07-04 17:57:13,643: INFO: common: yaml file: config\config.yaml loaded successfully]
[2024-07-04 17:57:13,643: INFO: common: yaml file: params.yaml loaded successfully]
[2024-07-04 17:57:13,650: INFO: common: yaml file: schema.yaml loaded successfully]
[2024-07-04 17:57:13,651: INFO: common: created directory at: artifacts]
[2024-07-04 17:57:13,652: INFO: common: created directory at: artifacts/data_transformation]
[2024-07-04 17:57:13,664: INFO: Data_Transformation: Reading Data...]
[2024-07-04 17:57:13,665: INFO: Data_Transformation: Vectorization initiated]
[2024-07-04 17:57:13,821: INFO: Data_Transformation: Vectorization Completed]
[2024-07-04 17:57:13,890: INFO: Data_Transformation: Oversampling Completed]
[2024-07-04 17:57:13,893: INFO: Data_Transformation: Data Splitting is Completed]
[2024-07-04 17:57:13,893: INFO: main: >>>>>> stage Data Transformation stage completed <<<<<<

x==========x]
[2024-07-04 17:57:13,898: INFO: main: >>>>>> stage Model Trainer stage started <<<<<<]
[2024-07-04 17:57:13,900: INFO: common: yaml file: config\config.yaml loaded successfully]
[2024-07-04 17:57:13,900: INFO: common: yaml file: params.yaml loaded successfully]
[2024-07-04 17:57:13,902: INFO: common: yaml file: schema.yaml loaded successfully]
[2024-07-04 17:57:13,904: INFO: common: created directory at: artifacts]
[2024-07-04 17:57:13,905: INFO: common: created directory at: artifacts/model_trainer]
[2024-07-04 17:57:13,906: INFO: Model_trainer: Building Model]
[2024-07-04 17:57:14,047: INFO: Model_trainer: Model Built]
[2024-07-04 17:57:23,316: INFO: Model_trainer: Model Trained]
[2024-07-04 17:57:23,316: WARNING: saving_api: You are saving your model as an HDF5 file via `model.save()` or `keras.saving.save_model(model)`. This file format is considered legacy. We recommend using instead the native Keras format, e.g. `model.save('my_model.keras')` or `keras.saving.save_model(model, 'my_model.keras')`. ]
[2024-07-04 17:57:23,353: INFO: Model_trainer:  Model Saved]
[2024-07-04 17:57:26,629: INFO: main: >>>>>> stage Model Trainer stage completed <<<<<<

x==========x]
[2024-07-04 18:02:20,693: INFO: utils: NumExpr defaulting to 8 threads.]
[2024-07-04 18:02:25,421: INFO: main: >>>>>> stage Data Ingestion stage started <<<<<<]
[2024-07-04 18:02:25,421: INFO: common: yaml file: config\config.yaml loaded successfully]
[2024-07-04 18:02:25,421: INFO: common: yaml file: params.yaml loaded successfully]
[2024-07-04 18:02:25,421: INFO: common: yaml file: schema.yaml loaded successfully]
[2024-07-04 18:02:25,421: INFO: common: created directory at: artifacts]
[2024-07-04 18:02:25,421: INFO: common: created directory at: artifacts/data_ingestion]
[2024-07-04 18:02:25,421: INFO: Data_Ingestion: File already exists of size: ~ 205 KB]
[2024-07-04 18:02:25,440: INFO: main: >>>>>> stage Data Ingestion stage completed <<<<<<

x==========x]
[2024-07-04 18:02:25,440: INFO: main: >>>>>> stage Data Validation stage started <<<<<<]
[2024-07-04 18:02:25,447: INFO: common: yaml file: config\config.yaml loaded successfully]
[2024-07-04 18:02:25,448: INFO: common: yaml file: params.yaml loaded successfully]
[2024-07-04 18:02:25,448: INFO: common: yaml file: schema.yaml loaded successfully]
[2024-07-04 18:02:25,448: INFO: common: created directory at: artifacts]
[2024-07-04 18:02:25,448: INFO: common: created directory at: artifacts/data_validation]
[2024-07-04 18:02:25,481: INFO: main: >>>>>> stage Data Validation stage completed <<<<<<

x==========x]
[2024-07-04 18:02:25,481: INFO: main: >>>>>> stage Data Transformation stage started <<<<<<]
[2024-07-04 18:02:25,484: INFO: common: yaml file: config\config.yaml loaded successfully]
[2024-07-04 18:02:25,484: INFO: common: yaml file: params.yaml loaded successfully]
[2024-07-04 18:02:25,484: INFO: common: yaml file: schema.yaml loaded successfully]
[2024-07-04 18:02:25,488: INFO: common: created directory at: artifacts]
[2024-07-04 18:02:25,488: INFO: common: created directory at: artifacts/data_transformation]
[2024-07-04 18:02:25,488: INFO: Data_Transformation: Reading Data...]
[2024-07-04 18:02:25,488: INFO: Data_Transformation: Vectorization initiated]
[2024-07-04 18:02:25,672: INFO: Data_Transformation: Vectorization Completed]
[2024-07-04 18:02:25,741: INFO: Data_Transformation: Oversampling Completed]
[2024-07-04 18:02:25,741: INFO: Data_Transformation: Data Splitting is Completed]
[2024-07-04 18:02:25,756: INFO: main: >>>>>> stage Data Transformation stage completed <<<<<<

x==========x]
[2024-07-04 18:02:25,757: INFO: main: >>>>>> stage Model Trainer stage started <<<<<<]
[2024-07-04 18:02:25,760: INFO: common: yaml file: config\config.yaml loaded successfully]
[2024-07-04 18:02:25,762: INFO: common: yaml file: params.yaml loaded successfully]
[2024-07-04 18:02:25,763: INFO: common: yaml file: schema.yaml loaded successfully]
[2024-07-04 18:02:25,763: INFO: common: created directory at: artifacts]
[2024-07-04 18:02:25,763: INFO: common: created directory at: artifacts/model_trainer]
[2024-07-04 18:02:25,763: INFO: Model_trainer: Building Model]
[2024-07-04 18:02:25,893: INFO: Model_trainer: Model Built]
[2024-07-04 18:02:34,852: INFO: Model_trainer: Model Trained]
[2024-07-04 18:02:34,854: WARNING: saving_api: You are saving your model as an HDF5 file via `model.save()` or `keras.saving.save_model(model)`. This file format is considered legacy. We recommend using instead the native Keras format, e.g. `model.save('my_model.keras')` or `keras.saving.save_model(model, 'my_model.keras')`. ]
[2024-07-04 18:02:34,877: INFO: Model_trainer:  Model Saved]
[2024-07-04 18:02:38,752: INFO: main: >>>>>> stage Model Trainer stage completed <<<<<<

x==========x]
