[2024-07-04 11:20:33,628: INFO: utils: NumExpr defaulting to 8 threads.]
[2024-07-04 11:20:35,639: INFO: common: yaml file: config\config.yaml loaded successfully]
[2024-07-04 11:20:35,641: INFO: common: yaml file: params.yaml loaded successfully]
[2024-07-04 11:20:35,643: INFO: common: yaml file: schema.yaml loaded successfully]
[2024-07-04 11:20:35,645: INFO: common: created directory at: artifacts]
[2024-07-04 11:20:35,646: INFO: common: created directory at: artifacts/model_trainer]
[2024-07-04 11:21:01,767: INFO: common: yaml file: config\config.yaml loaded successfully]
[2024-07-04 11:21:01,769: INFO: common: yaml file: params.yaml loaded successfully]
[2024-07-04 11:21:01,772: INFO: common: yaml file: schema.yaml loaded successfully]
[2024-07-04 11:21:01,773: INFO: common: created directory at: artifacts]
[2024-07-04 11:21:01,774: INFO: common: created directory at: artifacts/model_trainer]
[2024-07-04 11:21:36,615: INFO: common: yaml file: config\config.yaml loaded successfully]
[2024-07-04 11:21:36,617: INFO: common: yaml file: params.yaml loaded successfully]
[2024-07-04 11:21:36,619: INFO: common: yaml file: schema.yaml loaded successfully]
[2024-07-04 11:21:36,620: INFO: common: created directory at: artifacts]
[2024-07-04 11:21:36,622: INFO: common: created directory at: artifacts/model_trainer]
[2024-07-04 11:21:58,093: INFO: common: yaml file: config\config.yaml loaded successfully]
[2024-07-04 11:21:58,093: INFO: common: yaml file: params.yaml loaded successfully]
[2024-07-04 11:21:58,093: INFO: common: yaml file: schema.yaml loaded successfully]
[2024-07-04 11:21:58,093: INFO: common: created directory at: artifacts]
[2024-07-04 11:21:58,093: INFO: common: created directory at: artifacts/model_trainer]
